<?xml version="1.0" encoding="UTF-8"?>
<!-- Generated by org.testng.reporters.JUnitReportReporter -->
<testsuite hostname="Karito-707" failures="0" tests="1" name="MavenReport.MavenReport.TestDelete" time="0.795" errors="0" timestamp="2024-04-16T14:22:10 ICT" skipped="0">
  <testcase classname="MavenReport.MavenReport.TestDelete" name="testDeleteUser" time="0.795"/>
  <system-out/>
</testsuite> <!-- MavenReport.MavenReport.TestDelete -->
