<?xml version="1.0" encoding="UTF-8"?>
<!-- Generated by org.testng.reporters.JUnitReportReporter -->
<testsuite hostname="Karito-707" failures="0" tests="1" name="MavenReport.MavenReport.TestDeleteUser" time="0.764" errors="0" timestamp="2024-04-16T14:28:33 ICT" skipped="0">
  <testcase classname="MavenReport.MavenReport.TestDeleteUser" name="testDeleteUser" time="0.764"/>
  <system-out/>
</testsuite> <!-- MavenReport.MavenReport.TestDeleteUser -->
