<?xml version="1.0" encoding="UTF-8"?>
<!-- Generated by org.testng.reporters.JUnitReportReporter -->
<testsuite hostname="Karito-707" failures="0" tests="1" name="MavenReport.MavenReport.DeleteShareUser" time="0.636" errors="0" timestamp="2024-04-15T17:31:48 ICT" skipped="0">
  <testcase classname="MavenReport.MavenReport.DeleteShareUser" name="testDeleteShareUser" time="0.636"/>
  <system-out/>
</testsuite> <!-- MavenReport.MavenReport.DeleteShareUser -->
