<?xml version="1.0" encoding="UTF-8"?>
<!-- Generated by org.testng.reporters.JUnitReportReporter -->
<testsuite hostname="Karito-707" failures="0" tests="1" name="fpoly.stile.com.TestUpdateVideo" time="0.760" errors="0" timestamp="2024-04-16T14:30:17 ICT" skipped="0">
  <testcase classname="fpoly.stile.com.TestUpdateVideo" name="testUpdateVideo" time="0.760"/>
  <system-out/>
</testsuite> <!-- fpoly.stile.com.TestUpdateVideo -->
