<?xml version="1.0" encoding="UTF-8"?>
<!-- Generated by org.testng.reporters.JUnitReportReporter -->
<testsuite hostname="Karito-707" failures="0" tests="1" name="MavenReport.MavenReport.LoginTest3" time="0.039" errors="0" timestamp="2024-04-16T14:28:08 ICT" skipped="0">
  <testcase classname="MavenReport.MavenReport.LoginTest3" name="LoginTest3" time="0.039"/>
  <system-out/>
</testsuite> <!-- MavenReport.MavenReport.LoginTest3 -->
