<?xml version="1.0" encoding="UTF-8"?>
<!-- Generated by org.testng.reporters.JUnitReportReporter -->
<testsuite hostname="Karito-707" failures="0" tests="1" name="fpoly.stile.com.TestDeleteUser" time="0.627" errors="0" timestamp="2024-04-15T17:20:58 ICT" skipped="0">
  <testcase classname="fpoly.stile.com.TestDeleteUser" name="testDeleteUser" time="0.627"/>
  <system-out/>
</testsuite> <!-- fpoly.stile.com.TestDeleteUser -->
