<?xml version="1.0" encoding="UTF-8"?>
<!-- Generated by org.testng.reporters.JUnitReportReporter -->
<testsuite hostname="Karito-707" failures="0" tests="2" name="fpoly.stile.com.TestCreateUser" time="0.880" errors="0" timestamp="2024-04-16T14:29:57 ICT" skipped="0">
  <testcase classname="fpoly.stile.com.TestCreateUser" name="testCreateUser_Fail_UsernameExists" time="0.840"/>
  <system-out/>
  <testcase classname="fpoly.stile.com.TestCreateUser" name="testCreateUser_Success" time="0.040"/>
  <system-out/>
</testsuite> <!-- fpoly.stile.com.TestCreateUser -->
