<?xml version="1.0" encoding="UTF-8"?>
<!-- Generated by org.testng.reporters.JUnitReportReporter -->
<testsuite hostname="Karito-707" failures="0" tests="1" name="fpoly.stile.com.DeleteShareUser" time="0.546" errors="0" timestamp="2024-04-15T17:19:22 ICT" skipped="0">
  <testcase classname="fpoly.stile.com.DeleteShareUser" name="testDeleteShareUser" time="0.546"/>
  <system-out/>
</testsuite> <!-- fpoly.stile.com.DeleteShareUser -->
